<?xml version="1.0" encoding="UTF-8"?>
<!-- Generated by org.testng.reporters.JUnitReportReporter -->
<testsuite hostname="CSCO-W-PF2RQEEF" failures="0" tests="1" name="testng.TestRunner" time="3.200" errors="0" timestamp="2021-12-29T13:09:44 IST" skipped="0">
  <testcase classname="testng.TestRunner" name="runScenario" time="3.200"/>
  <system-out/>
</testsuite> <!-- testng.TestRunner -->
