<?xml version="1.0" encoding="UTF-8"?>
<!-- Generated by org.testng.reporters.JUnitReportReporter -->
<testsuite hostname="CSCO-W-PF2RQEEF" failures="0" tests="1" name="testng.TestRunner" time="4.265" errors="0" timestamp="2021-12-30T09:54:54 IST" skipped="0">
  <testcase classname="testng.TestRunner" name="runScenario" time="4.265"/>
  <system-out/>
</testsuite> <!-- testng.TestRunner -->
